Arguments: 
  /usr/local/bin/node /usr/local/bin/yarn parcel index.html

PATH: 
  /home/student/.npm-packages/bin:/home/student/.npm-packages/bin:/usr/local/sbin:/usr/local/bin:/usr/sbin:/usr/bin:/sbin:/bin:/usr/games:/usr/local/games:/snap/bin

Yarn version: 
  1.22.10

Node version: 
  18.0.0

Platform: 
  linux x64

Trace: 
  SyntaxError: /var/www/html/Apo/projet-bricol-help-front/package.json: Unexpected token < in JSON at position 0
      at JSON.parse (<anonymous>)
      at /usr/local/lib/node_modules/yarn/lib/cli.js:1625:59
      at Generator.next (<anonymous>)
      at step (/usr/local/lib/node_modules/yarn/lib/cli.js:310:30)
      at /usr/local/lib/node_modules/yarn/lib/cli.js:321:13

npm manifest: 
  <<<<<<< HEAD
  {}
  =======
  {
    "dependencies": {
      "hooper": "^0.3.4"
    }
  }
  >>>>>>> templating-vue

yarn manifest: 
  No manifest

Lockfile: 
  # THIS IS AN AUTOGENERATED FILE. DO NOT EDIT THIS FILE DIRECTLY.
  # yarn lockfile v1
  
  
  vue-burger-menu@^2.0.5:
    version "2.0.5"
    resolved "https://registry.yarnpkg.com/vue-burger-menu/-/vue-burger-menu-2.0.5.tgz#a535e178e327302d41d129da5db773d8c140ac94"
    integrity sha512-j0zM3gOTNv5rtIfVGIc0F0Ff5iUGQk7vLRBRkHLC2Jsv+4WL8BFqSBii+VzfIlqIQed7v0zqWueJLYxe9YwjmQ==
    dependencies:
      vue "^2.5.17"
  
  vue@^2.5.17:
    version "2.6.14"
    resolved "https://registry.yarnpkg.com/vue/-/vue-2.6.14.tgz#e51aa5250250d569a3fbad3a8a5a687d6036e235"
    integrity sha512-x2284lgYvjOMj3Za7kqzRcUSxBboHqtgRE2zlos1qWaOye5yUmHn42LB1250NJBLRwEcdrB0JRwyPTEPhfQjiQ==
